{"C:\\Users\\EMBN\\Downloads\\Teste\\EvolucionalTest\\React\\src\\components\\ConfirmDeleteModal\\ConfirmDeleteModal.css": {"path":"C:\\Users\\EMBN\\Downloads\\Teste\\EvolucionalTest\\React\\src\\components\\ConfirmDeleteModal\\ConfirmDeleteModal.css","statementMap":{},"fnMap":{},"branchMap":{},"s":{},"f":{},"b":{},"meta":{"lastBranch":0,"lastFunction":0,"lastStatement":0,"seen":{},"fnNames":{}}}
,"C:\\Users\\EMBN\\Downloads\\Teste\\EvolucionalTest\\React\\src\\components\\ConfirmDeleteModal\\ConfirmDeleteModal.tsx": {"path":"C:\\Users\\EMBN\\Downloads\\Teste\\EvolucionalTest\\React\\src\\components\\ConfirmDeleteModal\\ConfirmDeleteModal.tsx","statementMap":{"0":{"start":{"line":4,"column":13},"end":{"line":49,"column":null}},"1":{"start":{"line":9,"column":4},"end":{"line":47,"column":null}}},"fnMap":{"0":{"name":"(anonymous_0)","decl":{"start":{"line":4,"column":13},"end":{"line":4,"column":35}},"loc":{"start":{"line":8,"column":31},"end":{"line":49,"column":null}},"line":8}},"branchMap":{},"s":{"0":2,"1":4},"f":{"0":4},"b":{},"meta":{"lastBranch":0,"lastFunction":1,"lastStatement":2,"seen":{"s:4:13:49:Infinity":0,"f:4:13:4:35":0,"s:9:4:47:Infinity":1},"fnNames":{}}}
,"C:\\Users\\EMBN\\Downloads\\Teste\\EvolucionalTest\\React\\src\\hooks\\useProducts.ts": {"path":"C:\\Users\\EMBN\\Downloads\\Teste\\EvolucionalTest\\React\\src\\hooks\\useProducts.ts","statementMap":{"0":{"start":{"line":9,"column":23},"end":{"line":9,"column":null}},"1":{"start":{"line":11,"column":27},"end":{"line":11,"column":null}},"2":{"start":{"line":13,"column":6},"end":{"line":26,"column":null}},"3":{"start":{"line":14,"column":23},"end":{"line":14,"column":null}},"4":{"start":{"line":16,"column":4},"end":{"line":18,"column":null}},"5":{"start":{"line":17,"column":8},"end":{"line":17,"column":null}},"6":{"start":{"line":20,"column":4},"end":{"line":25,"column":null}},"7":{"start":{"line":21,"column":8},"end":{"line":21,"column":null}},"8":{"start":{"line":23,"column":8},"end":{"line":23,"column":null}},"9":{"start":{"line":24,"column":8},"end":{"line":24,"column":null}},"10":{"start":{"line":28,"column":13},"end":{"line":326,"column":null}},"11":{"start":{"line":29,"column":21},"end":{"line":29,"column":33}},"12":{"start":{"line":31,"column":23},"end":{"line":31,"column":null}},"13":{"start":{"line":33,"column":23},"end":{"line":33,"column":null}},"14":{"start":{"line":35,"column":36},"end":{"line":37,"column":null}},"15":{"start":{"line":39,"column":30},"end":{"line":41,"column":null}},"16":{"start":{"line":43,"column":28},"end":{"line":45,"column":null}},"17":{"start":{"line":47,"column":48},"end":{"line":49,"column":null}},"18":{"start":{"line":51,"column":34},"end":{"line":51,"column":null}},"19":{"start":{"line":53,"column":42},"end":{"line":53,"column":null}},"20":{"start":{"line":55,"column":30},"end":{"line":55,"column":null}},"21":{"start":{"line":57,"column":42},"end":{"line":59,"column":null}},"22":{"start":{"line":61,"column":32},"end":{"line":63,"column":null}},"23":{"start":{"line":65,"column":38},"end":{"line":67,"column":null}},"24":{"start":{"line":69,"column":24},"end":{"line":69,"column":null}},"25":{"start":{"line":71,"column":24},"end":{"line":71,"column":null}},"26":{"start":{"line":73,"column":25},"end":{"line":73,"column":null}},"27":{"start":{"line":75,"column":28},"end":{"line":77,"column":null}},"28":{"start":{"line":79,"column":25},"end":{"line":146,"column":null}},"29":{"start":{"line":84,"column":30},"end":{"line":84,"column":null}},"30":{"start":{"line":86,"column":12},"end":{"line":143,"column":null}},"31":{"start":{"line":87,"column":16},"end":{"line":93,"column":null}},"32":{"start":{"line":88,"column":20},"end":{"line":88,"column":null}},"33":{"start":{"line":89,"column":23},"end":{"line":93,"column":null}},"34":{"start":{"line":90,"column":20},"end":{"line":90,"column":null}},"35":{"start":{"line":92,"column":20},"end":{"line":92,"column":null}},"36":{"start":{"line":95,"column":16},"end":{"line":95,"column":null}},"37":{"start":{"line":97,"column":33},"end":{"line":102,"column":null}},"38":{"start":{"line":104,"column":16},"end":{"line":106,"column":null}},"39":{"start":{"line":105,"column":20},"end":{"line":105,"column":null}},"40":{"start":{"line":108,"column":16},"end":{"line":110,"column":null}},"41":{"start":{"line":109,"column":20},"end":{"line":109,"column":null}},"42":{"start":{"line":112,"column":16},"end":{"line":121,"column":null}},"43":{"start":{"line":113,"column":20},"end":{"line":115,"column":null}},"44":{"start":{"line":114,"column":24},"end":{"line":114,"column":null}},"45":{"start":{"line":117,"column":20},"end":{"line":120,"column":null}},"46":{"start":{"line":123,"column":16},"end":{"line":123,"column":null}},"47":{"start":{"line":124,"column":16},"end":{"line":124,"column":null}},"48":{"start":{"line":126,"column":16},"end":{"line":128,"column":null}},"49":{"start":{"line":127,"column":20},"end":{"line":127,"column":null}},"50":{"start":{"line":130,"column":16},"end":{"line":132,"column":null}},"51":{"start":{"line":134,"column":16},"end":{"line":142,"column":null}},"52":{"start":{"line":135,"column":20},"end":{"line":141,"column":null}},"53":{"start":{"line":136,"column":24},"end":{"line":136,"column":null}},"54":{"start":{"line":137,"column":27},"end":{"line":141,"column":null}},"55":{"start":{"line":138,"column":24},"end":{"line":138,"column":null}},"56":{"start":{"line":140,"column":24},"end":{"line":140,"column":null}},"57":{"start":{"line":148,"column":4},"end":{"line":160,"column":null}},"58":{"start":{"line":149,"column":8},"end":{"line":151,"column":null}},"59":{"start":{"line":150,"column":12},"end":{"line":150,"column":null}},"60":{"start":{"line":153,"column":24},"end":{"line":155,"column":null}},"61":{"start":{"line":154,"column":12},"end":{"line":154,"column":null}},"62":{"start":{"line":157,"column":8},"end":{"line":159,"column":null}},"63":{"start":{"line":158,"column":12},"end":{"line":158,"column":null}},"64":{"start":{"line":162,"column":4},"end":{"line":170,"column":null}},"65":{"start":{"line":163,"column":24},"end":{"line":165,"column":null}},"66":{"start":{"line":164,"column":12},"end":{"line":164,"column":null}},"67":{"start":{"line":167,"column":8},"end":{"line":169,"column":null}},"68":{"start":{"line":168,"column":12},"end":{"line":168,"column":null}},"69":{"start":{"line":172,"column":4},"end":{"line":182,"column":null}},"70":{"start":{"line":173,"column":8},"end":{"line":176,"column":null}},"71":{"start":{"line":174,"column":12},"end":{"line":174,"column":null}},"72":{"start":{"line":175,"column":12},"end":{"line":175,"column":null}},"73":{"start":{"line":178,"column":8},"end":{"line":178,"column":null}},"74":{"start":{"line":179,"column":8},"end":{"line":179,"column":null}},"75":{"start":{"line":181,"column":8},"end":{"line":181,"column":null}},"76":{"start":{"line":184,"column":4},"end":{"line":212,"column":null}},"77":{"start":{"line":185,"column":8},"end":{"line":187,"column":null}},"78":{"start":{"line":186,"column":12},"end":{"line":186,"column":null}},"79":{"start":{"line":189,"column":41},"end":{"line":197,"column":null}},"80":{"start":{"line":199,"column":8},"end":{"line":202,"column":null}},"81":{"start":{"line":214,"column":4},"end":{"line":229,"column":null}},"82":{"start":{"line":215,"column":8},"end":{"line":217,"column":null}},"83":{"start":{"line":216,"column":12},"end":{"line":216,"column":null}},"84":{"start":{"line":219,"column":24},"end":{"line":219,"column":null}},"85":{"start":{"line":221,"column":8},"end":{"line":228,"column":null}},"86":{"start":{"line":222,"column":12},"end":{"line":225,"column":null}},"87":{"start":{"line":227,"column":12},"end":{"line":227,"column":null}},"88":{"start":{"line":231,"column":4},"end":{"line":268,"column":null}},"89":{"start":{"line":232,"column":14},"end":{"line":258,"column":null}},"90":{"start":{"line":233,"column":12},"end":{"line":235,"column":null}},"91":{"start":{"line":234,"column":16},"end":{"line":234,"column":null}},"92":{"start":{"line":237,"column":31},"end":{"line":239,"column":null}},"93":{"start":{"line":241,"column":12},"end":{"line":243,"column":null}},"94":{"start":{"line":242,"column":16},"end":{"line":242,"column":null}},"95":{"start":{"line":245,"column":12},"end":{"line":257,"column":null}},"96":{"start":{"line":247,"column":20},"end":{"line":247,"column":null}},"97":{"start":{"line":249,"column":16},"end":{"line":249,"column":null}},"98":{"start":{"line":251,"column":16},"end":{"line":254,"column":null}},"99":{"start":{"line":256,"column":16},"end":{"line":256,"column":null}},"100":{"start":{"line":260,"column":8},"end":{"line":260,"column":null}},"101":{"start":{"line":262,"column":8},"end":{"line":267,"column":null}},"102":{"start":{"line":263,"column":12},"end":{"line":266,"column":null}},"103":{"start":{"line":270,"column":4},"end":{"line":310,"column":null}},"104":{"start":{"line":271,"column":25},"end":{"line":292,"column":null}},"105":{"start":{"line":273,"column":32},"end":{"line":273,"column":null}},"106":{"start":{"line":275,"column":16},"end":{"line":277,"column":null}},"107":{"start":{"line":276,"column":20},"end":{"line":276,"column":null}},"108":{"start":{"line":279,"column":16},"end":{"line":281,"column":null}},"109":{"start":{"line":280,"column":20},"end":{"line":280,"column":null}},"110":{"start":{"line":283,"column":16},"end":{"line":285,"column":null}},"111":{"start":{"line":284,"column":20},"end":{"line":284,"column":null}},"112":{"start":{"line":287,"column":16},"end":{"line":287,"column":null}},"113":{"start":{"line":294,"column":24},"end":{"line":294,"column":null}},"114":{"start":{"line":296,"column":8},"end":{"line":298,"column":null}},"115":{"start":{"line":297,"column":12},"end":{"line":297,"column":null}},"116":{"start":{"line":300,"column":8},"end":{"line":302,"column":null}},"117":{"start":{"line":301,"column":12},"end":{"line":301,"column":null}},"118":{"start":{"line":312,"column":4},"end":{"line":325,"column":null}}},"fnMap":{"0":{"name":"(anonymous_0)","decl":{"start":{"line":13,"column":6},"end":{"line":13,"column":23}},"loc":{"start":{"line":13,"column":72},"end":{"line":26,"column":null}},"line":13},"1":{"name":"(anonymous_1)","decl":{"start":{"line":28,"column":13},"end":{"line":28,"column":33}},"loc":{"start":{"line":28,"column":33},"end":{"line":326,"column":null}},"line":28},"2":{"name":"(anonymous_2)","decl":{"start":{"line":80,"column":8},"end":{"line":80,"column":null}},"loc":{"start":{"line":83,"column":13},"end":{"line":144,"column":null}},"line":83},"3":{"name":"(anonymous_3)","decl":{"start":{"line":104,"column":26},"end":{"line":104,"column":35}},"loc":{"start":{"line":105,"column":20},"end":{"line":105,"column":null}},"line":105},"4":{"name":"(anonymous_4)","decl":{"start":{"line":112,"column":16},"end":{"line":112,"column":29}},"loc":{"start":{"line":112,"column":49},"end":{"line":121,"column":17}},"line":112},"5":{"name":"(anonymous_5)","decl":{"start":{"line":148,"column":4},"end":{"line":148,"column":20}},"loc":{"start":{"line":148,"column":20},"end":{"line":160,"column":7}},"line":148},"6":{"name":"(anonymous_6)","decl":{"start":{"line":153,"column":24},"end":{"line":153,"column":41}},"loc":{"start":{"line":153,"column":41},"end":{"line":155,"column":11}},"line":153},"7":{"name":"(anonymous_7)","decl":{"start":{"line":157,"column":8},"end":{"line":157,"column":21}},"loc":{"start":{"line":157,"column":21},"end":{"line":159,"column":null}},"line":157},"8":{"name":"(anonymous_8)","decl":{"start":{"line":162,"column":4},"end":{"line":162,"column":20}},"loc":{"start":{"line":162,"column":20},"end":{"line":170,"column":7}},"line":162},"9":{"name":"(anonymous_9)","decl":{"start":{"line":163,"column":24},"end":{"line":163,"column":41}},"loc":{"start":{"line":163,"column":41},"end":{"line":165,"column":11}},"line":163},"10":{"name":"(anonymous_10)","decl":{"start":{"line":167,"column":8},"end":{"line":167,"column":21}},"loc":{"start":{"line":167,"column":21},"end":{"line":169,"column":null}},"line":167},"11":{"name":"(anonymous_11)","decl":{"start":{"line":172,"column":4},"end":{"line":172,"column":20}},"loc":{"start":{"line":172,"column":20},"end":{"line":182,"column":7}},"line":172},"12":{"name":"(anonymous_12)","decl":{"start":{"line":184,"column":4},"end":{"line":184,"column":20}},"loc":{"start":{"line":184,"column":20},"end":{"line":203,"column":7}},"line":184},"13":{"name":"(anonymous_13)","decl":{"start":{"line":214,"column":4},"end":{"line":214,"column":20}},"loc":{"start":{"line":214,"column":20},"end":{"line":229,"column":7}},"line":214},"14":{"name":"(anonymous_14)","decl":{"start":{"line":221,"column":8},"end":{"line":221,"column":36}},"loc":{"start":{"line":221,"column":36},"end":{"line":228,"column":9}},"line":221},"15":{"name":"(anonymous_15)","decl":{"start":{"line":231,"column":4},"end":{"line":231,"column":20}},"loc":{"start":{"line":231,"column":20},"end":{"line":268,"column":7}},"line":231},"16":{"name":"(anonymous_16)","decl":{"start":{"line":232,"column":14},"end":{"line":232,"column":35}},"loc":{"start":{"line":232,"column":35},"end":{"line":258,"column":null}},"line":232},"17":{"name":"(anonymous_17)","decl":{"start":{"line":262,"column":8},"end":{"line":262,"column":21}},"loc":{"start":{"line":262,"column":21},"end":{"line":267,"column":null}},"line":262},"18":{"name":"(anonymous_18)","decl":{"start":{"line":270,"column":4},"end":{"line":270,"column":20}},"loc":{"start":{"line":270,"column":20},"end":{"line":303,"column":7}},"line":270},"19":{"name":"(anonymous_19)","decl":{"start":{"line":271,"column":29},"end":{"line":271,"column":null}},"loc":{"start":{"line":272,"column":25},"end":{"line":288,"column":null}},"line":272},"20":{"name":"(anonymous_20)","decl":{"start":{"line":300,"column":8},"end":{"line":300,"column":21}},"loc":{"start":{"line":300,"column":21},"end":{"line":302,"column":null}},"line":300}},"branchMap":{"0":{"loc":{"start":{"line":16,"column":4},"end":{"line":18,"column":null}},"type":"if","locations":[{"start":{"line":16,"column":4},"end":{"line":18,"column":null}},{"start":{},"end":{}}],"line":16},"1":{"loc":{"start":{"line":36,"column":8},"end":{"line":36,"column":null}},"type":"binary-expr","locations":[{"start":{"line":36,"column":8},"end":{"line":36,"column":32}},{"start":{"line":36,"column":32},"end":{"line":36,"column":null}}],"line":36},"2":{"loc":{"start":{"line":40,"column":8},"end":{"line":40,"column":null}},"type":"binary-expr","locations":[{"start":{"line":40,"column":8},"end":{"line":40,"column":29}},{"start":{"line":40,"column":29},"end":{"line":40,"column":null}}],"line":40},"3":{"loc":{"start":{"line":44,"column":8},"end":{"line":44,"column":null}},"type":"binary-expr","locations":[{"start":{"line":44,"column":8},"end":{"line":44,"column":28}},{"start":{"line":44,"column":28},"end":{"line":44,"column":null}}],"line":44},"4":{"loc":{"start":{"line":58,"column":8},"end":{"line":58,"column":null}},"type":"binary-expr","locations":[{"start":{"line":58,"column":8},"end":{"line":58,"column":35}},{"start":{"line":58,"column":35},"end":{"line":58,"column":null}}],"line":58},"5":{"loc":{"start":{"line":62,"column":8},"end":{"line":62,"column":null}},"type":"binary-expr","locations":[{"start":{"line":62,"column":8},"end":{"line":62,"column":30}},{"start":{"line":62,"column":30},"end":{"line":62,"column":null}}],"line":62},"6":{"loc":{"start":{"line":66,"column":8},"end":{"line":66,"column":null}},"type":"binary-expr","locations":[{"start":{"line":66,"column":8},"end":{"line":66,"column":33}},{"start":{"line":66,"column":33},"end":{"line":66,"column":null}}],"line":66},"7":{"loc":{"start":{"line":76,"column":8},"end":{"line":76,"column":null}},"type":"binary-expr","locations":[{"start":{"line":76,"column":8},"end":{"line":76,"column":31}},{"start":{"line":76,"column":31},"end":{"line":76,"column":null}}],"line":76},"8":{"loc":{"start":{"line":82,"column":12},"end":{"line":82,"column":null}},"type":"default-arg","locations":[{"start":{"line":82,"column":28},"end":{"line":82,"column":null}}],"line":82},"9":{"loc":{"start":{"line":87,"column":16},"end":{"line":93,"column":null}},"type":"if","locations":[{"start":{"line":87,"column":16},"end":{"line":93,"column":null}},{"start":{"line":89,"column":23},"end":{"line":93,"column":null}}],"line":87},"10":{"loc":{"start":{"line":89,"column":23},"end":{"line":93,"column":null}},"type":"if","locations":[{"start":{"line":89,"column":23},"end":{"line":93,"column":null}},{"start":{"line":91,"column":23},"end":{"line":93,"column":null}}],"line":89},"11":{"loc":{"start":{"line":108,"column":16},"end":{"line":110,"column":null}},"type":"if","locations":[{"start":{"line":108,"column":16},"end":{"line":110,"column":null}},{"start":{},"end":{}}],"line":108},"12":{"loc":{"start":{"line":113,"column":20},"end":{"line":115,"column":null}},"type":"if","locations":[{"start":{"line":113,"column":20},"end":{"line":115,"column":null}},{"start":{},"end":{}}],"line":113},"13":{"loc":{"start":{"line":126,"column":16},"end":{"line":128,"column":null}},"type":"if","locations":[{"start":{"line":126,"column":16},"end":{"line":128,"column":null}},{"start":{},"end":{}}],"line":126},"14":{"loc":{"start":{"line":134,"column":16},"end":{"line":142,"column":null}},"type":"if","locations":[{"start":{"line":134,"column":16},"end":{"line":142,"column":null}},{"start":{},"end":{}}],"line":134},"15":{"loc":{"start":{"line":135,"column":20},"end":{"line":141,"column":null}},"type":"if","locations":[{"start":{"line":135,"column":20},"end":{"line":141,"column":null}},{"start":{"line":137,"column":27},"end":{"line":141,"column":null}}],"line":135},"16":{"loc":{"start":{"line":137,"column":27},"end":{"line":141,"column":null}},"type":"if","locations":[{"start":{"line":137,"column":27},"end":{"line":141,"column":null}},{"start":{"line":139,"column":27},"end":{"line":141,"column":null}}],"line":137},"17":{"loc":{"start":{"line":149,"column":8},"end":{"line":151,"column":null}},"type":"if","locations":[{"start":{"line":149,"column":8},"end":{"line":151,"column":null}},{"start":{},"end":{}}],"line":149},"18":{"loc":{"start":{"line":173,"column":8},"end":{"line":176,"column":null}},"type":"if","locations":[{"start":{"line":173,"column":8},"end":{"line":176,"column":null}},{"start":{},"end":{}}],"line":173},"19":{"loc":{"start":{"line":185,"column":8},"end":{"line":187,"column":null}},"type":"if","locations":[{"start":{"line":185,"column":8},"end":{"line":187,"column":null}},{"start":{},"end":{}}],"line":185},"20":{"loc":{"start":{"line":215,"column":8},"end":{"line":217,"column":null}},"type":"if","locations":[{"start":{"line":215,"column":8},"end":{"line":217,"column":null}},{"start":{},"end":{}}],"line":215},"21":{"loc":{"start":{"line":233,"column":12},"end":{"line":235,"column":null}},"type":"if","locations":[{"start":{"line":233,"column":12},"end":{"line":235,"column":null}},{"start":{},"end":{}}],"line":233},"22":{"loc":{"start":{"line":241,"column":12},"end":{"line":243,"column":null}},"type":"if","locations":[{"start":{"line":241,"column":12},"end":{"line":243,"column":null}},{"start":{},"end":{}}],"line":241},"23":{"loc":{"start":{"line":275,"column":16},"end":{"line":277,"column":null}},"type":"if","locations":[{"start":{"line":275,"column":16},"end":{"line":277,"column":null}},{"start":{},"end":{}}],"line":275},"24":{"loc":{"start":{"line":279,"column":16},"end":{"line":281,"column":null}},"type":"if","locations":[{"start":{"line":279,"column":16},"end":{"line":281,"column":null}},{"start":{},"end":{}}],"line":279},"25":{"loc":{"start":{"line":279,"column":20},"end":{"line":279,"column":44}},"type":"binary-expr","locations":[{"start":{"line":279,"column":20},"end":{"line":279,"column":31}},{"start":{"line":279,"column":31},"end":{"line":279,"column":44}}],"line":279},"26":{"loc":{"start":{"line":283,"column":16},"end":{"line":285,"column":null}},"type":"if","locations":[{"start":{"line":283,"column":16},"end":{"line":285,"column":null}},{"start":{},"end":{}}],"line":283},"27":{"loc":{"start":{"line":296,"column":8},"end":{"line":298,"column":null}},"type":"if","locations":[{"start":{"line":296,"column":8},"end":{"line":298,"column":null}},{"start":{},"end":{}}],"line":296}},"s":{"0":1,"1":1,"2":1,"3":9,"4":9,"5":6,"6":3,"7":3,"8":0,"9":0,"10":1,"11":9,"12":9,"13":9,"14":9,"15":9,"16":9,"17":9,"18":9,"19":9,"20":9,"21":9,"22":9,"23":9,"24":9,"25":9,"26":9,"27":9,"28":9,"29":4,"30":4,"31":4,"32":3,"33":1,"34":1,"35":0,"36":4,"37":4,"38":4,"39":4,"40":3,"41":0,"42":3,"43":3,"44":3,"45":0,"46":3,"47":3,"48":0,"49":0,"50":0,"51":3,"52":3,"53":3,"54":0,"55":0,"56":0,"57":9,"58":6,"59":3,"60":3,"61":3,"62":3,"63":3,"64":9,"65":4,"66":3,"67":4,"68":4,"69":9,"70":4,"71":3,"72":3,"73":1,"74":1,"75":1,"76":9,"77":9,"78":3,"79":6,"80":6,"81":9,"82":7,"83":7,"84":0,"85":0,"86":0,"87":0,"88":9,"89":6,"90":0,"91":0,"92":0,"93":0,"94":0,"95":0,"96":0,"97":0,"98":0,"99":0,"100":6,"101":6,"102":6,"103":9,"104":8,"105":0,"106":0,"107":0,"108":0,"109":0,"110":0,"111":0,"112":0,"113":8,"114":8,"115":0,"116":8,"117":8,"118":9},"f":{"0":9,"1":9,"2":4,"3":4,"4":3,"5":6,"6":3,"7":3,"8":4,"9":3,"10":4,"11":4,"12":9,"13":7,"14":0,"15":6,"16":0,"17":6,"18":8,"19":0,"20":8},"b":{"0":[6,3],"1":[9,6],"2":[9,6],"3":[9,6],"4":[9,6],"5":[9,6],"6":[9,6],"7":[9,6],"8":[4],"9":[3,1],"10":[1,0],"11":[0,3],"12":[3,0],"13":[0,0],"14":[3,0],"15":[3,0],"16":[0,0],"17":[3,3],"18":[3,1],"19":[3,6],"20":[7,0],"21":[0,0],"22":[0,0],"23":[0,0],"24":[0,0],"25":[0,0],"26":[0,0],"27":[0,8]},"meta":{"lastBranch":28,"lastFunction":21,"lastStatement":119,"seen":{"s:9:23:9:Infinity":0,"s:11:27:11:Infinity":1,"s:13:6:26:Infinity":2,"f:13:6:13:23":0,"s:14:23:14:Infinity":3,"b:16:4:18:Infinity:undefined:undefined:undefined:undefined":0,"s:16:4:18:Infinity":4,"s:17:8:17:Infinity":5,"s:20:4:25:Infinity":6,"s:21:8:21:Infinity":7,"s:23:8:23:Infinity":8,"s:24:8:24:Infinity":9,"s:28:13:326:Infinity":10,"f:28:13:28:33":1,"s:29:21:29:33":11,"s:31:23:31:Infinity":12,"s:33:23:33:Infinity":13,"s:35:36:37:Infinity":14,"b:36:8:36:32:36:32:36:Infinity":1,"s:39:30:41:Infinity":15,"b:40:8:40:29:40:29:40:Infinity":2,"s:43:28:45:Infinity":16,"b:44:8:44:28:44:28:44:Infinity":3,"s:47:48:49:Infinity":17,"s:51:34:51:Infinity":18,"s:53:42:53:Infinity":19,"s:55:30:55:Infinity":20,"s:57:42:59:Infinity":21,"b:58:8:58:35:58:35:58:Infinity":4,"s:61:32:63:Infinity":22,"b:62:8:62:30:62:30:62:Infinity":5,"s:65:38:67:Infinity":23,"b:66:8:66:33:66:33:66:Infinity":6,"s:69:24:69:Infinity":24,"s:71:24:71:Infinity":25,"s:73:25:73:Infinity":26,"s:75:28:77:Infinity":27,"b:76:8:76:31:76:31:76:Infinity":7,"s:79:25:146:Infinity":28,"f:80:8:80:Infinity":2,"b:82:28:82:Infinity":8,"s:84:30:84:Infinity":29,"s:86:12:143:Infinity":30,"b:87:16:93:Infinity:89:23:93:Infinity":9,"s:87:16:93:Infinity":31,"s:88:20:88:Infinity":32,"b:89:23:93:Infinity:91:23:93:Infinity":10,"s:89:23:93:Infinity":33,"s:90:20:90:Infinity":34,"s:92:20:92:Infinity":35,"s:95:16:95:Infinity":36,"s:97:33:102:Infinity":37,"s:104:16:106:Infinity":38,"f:104:26:104:35":3,"s:105:20:105:Infinity":39,"b:108:16:110:Infinity:undefined:undefined:undefined:undefined":11,"s:108:16:110:Infinity":40,"s:109:20:109:Infinity":41,"s:112:16:121:Infinity":42,"f:112:16:112:29":4,"b:113:20:115:Infinity:undefined:undefined:undefined:undefined":12,"s:113:20:115:Infinity":43,"s:114:24:114:Infinity":44,"s:117:20:120:Infinity":45,"s:123:16:123:Infinity":46,"s:124:16:124:Infinity":47,"b:126:16:128:Infinity:undefined:undefined:undefined:undefined":13,"s:126:16:128:Infinity":48,"s:127:20:127:Infinity":49,"s:130:16:132:Infinity":50,"b:134:16:142:Infinity:undefined:undefined:undefined:undefined":14,"s:134:16:142:Infinity":51,"b:135:20:141:Infinity:137:27:141:Infinity":15,"s:135:20:141:Infinity":52,"s:136:24:136:Infinity":53,"b:137:27:141:Infinity:139:27:141:Infinity":16,"s:137:27:141:Infinity":54,"s:138:24:138:Infinity":55,"s:140:24:140:Infinity":56,"s:148:4:160:Infinity":57,"f:148:4:148:20":5,"b:149:8:151:Infinity:undefined:undefined:undefined:undefined":17,"s:149:8:151:Infinity":58,"s:150:12:150:Infinity":59,"s:153:24:155:Infinity":60,"f:153:24:153:41":6,"s:154:12:154:Infinity":61,"s:157:8:159:Infinity":62,"f:157:8:157:21":7,"s:158:12:158:Infinity":63,"s:162:4:170:Infinity":64,"f:162:4:162:20":8,"s:163:24:165:Infinity":65,"f:163:24:163:41":9,"s:164:12:164:Infinity":66,"s:167:8:169:Infinity":67,"f:167:8:167:21":10,"s:168:12:168:Infinity":68,"s:172:4:182:Infinity":69,"f:172:4:172:20":11,"b:173:8:176:Infinity:undefined:undefined:undefined:undefined":18,"s:173:8:176:Infinity":70,"s:174:12:174:Infinity":71,"s:175:12:175:Infinity":72,"s:178:8:178:Infinity":73,"s:179:8:179:Infinity":74,"s:181:8:181:Infinity":75,"s:184:4:212:Infinity":76,"f:184:4:184:20":12,"b:185:8:187:Infinity:undefined:undefined:undefined:undefined":19,"s:185:8:187:Infinity":77,"s:186:12:186:Infinity":78,"s:189:41:197:Infinity":79,"s:199:8:202:Infinity":80,"s:214:4:229:Infinity":81,"f:214:4:214:20":13,"b:215:8:217:Infinity:undefined:undefined:undefined:undefined":20,"s:215:8:217:Infinity":82,"s:216:12:216:Infinity":83,"s:219:24:219:Infinity":84,"s:221:8:228:Infinity":85,"f:221:8:221:36":14,"s:222:12:225:Infinity":86,"s:227:12:227:Infinity":87,"s:231:4:268:Infinity":88,"f:231:4:231:20":15,"s:232:14:258:Infinity":89,"f:232:14:232:35":16,"b:233:12:235:Infinity:undefined:undefined:undefined:undefined":21,"s:233:12:235:Infinity":90,"s:234:16:234:Infinity":91,"s:237:31:239:Infinity":92,"b:241:12:243:Infinity:undefined:undefined:undefined:undefined":22,"s:241:12:243:Infinity":93,"s:242:16:242:Infinity":94,"s:245:12:257:Infinity":95,"s:247:20:247:Infinity":96,"s:249:16:249:Infinity":97,"s:251:16:254:Infinity":98,"s:256:16:256:Infinity":99,"s:260:8:260:Infinity":100,"s:262:8:267:Infinity":101,"f:262:8:262:21":17,"s:263:12:266:Infinity":102,"s:270:4:310:Infinity":103,"f:270:4:270:20":18,"s:271:25:292:Infinity":104,"f:271:29:271:Infinity":19,"s:273:32:273:Infinity":105,"b:275:16:277:Infinity:undefined:undefined:undefined:undefined":23,"s:275:16:277:Infinity":106,"s:276:20:276:Infinity":107,"b:279:16:281:Infinity:undefined:undefined:undefined:undefined":24,"s:279:16:281:Infinity":108,"b:279:20:279:31:279:31:279:44":25,"s:280:20:280:Infinity":109,"b:283:16:285:Infinity:undefined:undefined:undefined:undefined":26,"s:283:16:285:Infinity":110,"s:284:20:284:Infinity":111,"s:287:16:287:Infinity":112,"s:294:24:294:Infinity":113,"b:296:8:298:Infinity:undefined:undefined:undefined:undefined":27,"s:296:8:298:Infinity":114,"s:297:12:297:Infinity":115,"s:300:8:302:Infinity":116,"f:300:8:300:21":20,"s:301:12:301:Infinity":117,"s:312:4:325:Infinity":118},"fnNames":{}}}
,"C:\\Users\\EMBN\\Downloads\\Teste\\EvolucionalTest\\React\\src\\pages\\ProductDetailsPage\\ProductDetailsPage.css": {"path":"C:\\Users\\EMBN\\Downloads\\Teste\\EvolucionalTest\\React\\src\\pages\\ProductDetailsPage\\ProductDetailsPage.css","statementMap":{},"fnMap":{},"branchMap":{},"s":{},"f":{},"b":{},"meta":{"lastBranch":0,"lastFunction":0,"lastStatement":0,"seen":{},"fnNames":{}}}
,"C:\\Users\\EMBN\\Downloads\\Teste\\EvolucionalTest\\React\\src\\pages\\ProductDetailsPage\\ProductDetailsPage.tsx": {"path":"C:\\Users\\EMBN\\Downloads\\Teste\\EvolucionalTest\\React\\src\\pages\\ProductDetailsPage\\ProductDetailsPage.tsx","statementMap":{"0":{"start":{"line":13,"column":13},"end":{"line":264,"column":null}},"1":{"start":{"line":14,"column":19},"end":{"line":14,"column":29}},"2":{"start":{"line":15,"column":21},"end":{"line":15,"column":33}},"3":{"start":{"line":17,"column":34},"end":{"line":17,"column":null}},"4":{"start":{"line":18,"column":34},"end":{"line":18,"column":null}},"5":{"start":{"line":19,"column":30},"end":{"line":19,"column":null}},"6":{"start":{"line":21,"column":50},"end":{"line":21,"column":null}},"7":{"start":{"line":23,"column":4},"end":{"line":53,"column":null}},"8":{"start":{"line":24,"column":28},"end":{"line":50,"column":null}},"9":{"start":{"line":25,"column":12},"end":{"line":29,"column":null}},"10":{"start":{"line":26,"column":16},"end":{"line":26,"column":null}},"11":{"start":{"line":27,"column":16},"end":{"line":27,"column":null}},"12":{"start":{"line":28,"column":16},"end":{"line":28,"column":null}},"13":{"start":{"line":31,"column":12},"end":{"line":49,"column":null}},"14":{"start":{"line":32,"column":34},"end":{"line":32,"column":null}},"15":{"start":{"line":34,"column":16},"end":{"line":36,"column":null}},"16":{"start":{"line":35,"column":20},"end":{"line":35,"column":null}},"17":{"start":{"line":38,"column":33},"end":{"line":38,"column":null}},"18":{"start":{"line":40,"column":16},"end":{"line":40,"column":null}},"19":{"start":{"line":42,"column":16},"end":{"line":46,"column":null}},"20":{"start":{"line":43,"column":20},"end":{"line":43,"column":null}},"21":{"start":{"line":45,"column":20},"end":{"line":45,"column":null}},"22":{"start":{"line":48,"column":16},"end":{"line":48,"column":null}},"23":{"start":{"line":52,"column":8},"end":{"line":52,"column":null}},"24":{"start":{"line":55,"column":4},"end":{"line":64,"column":null}},"25":{"start":{"line":56,"column":8},"end":{"line":62,"column":null}},"26":{"start":{"line":66,"column":4},"end":{"line":88,"column":null}},"27":{"start":{"line":67,"column":8},"end":{"line":86,"column":null}},"28":{"start":{"line":81,"column":39},"end":{"line":81,"column":null}},"29":{"start":{"line":90,"column":25},"end":{"line":108,"column":null}},"30":{"start":{"line":91,"column":8},"end":{"line":107,"column":null}},"31":{"start":{"line":92,"column":12},"end":{"line":92,"column":null}},"32":{"start":{"line":94,"column":12},"end":{"line":94,"column":null}},"33":{"start":{"line":96,"column":12},"end":{"line":96,"column":null}},"34":{"start":{"line":98,"column":12},"end":{"line":98,"column":null}},"35":{"start":{"line":100,"column":12},"end":{"line":100,"column":null}},"36":{"start":{"line":102,"column":12},"end":{"line":106,"column":null}},"37":{"start":{"line":103,"column":16},"end":{"line":103,"column":null}},"38":{"start":{"line":105,"column":16},"end":{"line":105,"column":null}},"39":{"start":{"line":110,"column":4},"end":{"line":262,"column":null}},"40":{"start":{"line":116,"column":35},"end":{"line":116,"column":null}},"41":{"start":{"line":140,"column":32},"end":{"line":140,"column":null}},"42":{"start":{"line":149,"column":43},"end":{"line":149,"column":null}},"43":{"start":{"line":257,"column":36},"end":{"line":257,"column":null}}},"fnMap":{"0":{"name":"(anonymous_0)","decl":{"start":{"line":13,"column":13},"end":{"line":13,"column":40}},"loc":{"start":{"line":13,"column":40},"end":{"line":264,"column":null}},"line":13},"1":{"name":"(anonymous_1)","decl":{"start":{"line":23,"column":4},"end":{"line":23,"column":20}},"loc":{"start":{"line":23,"column":20},"end":{"line":53,"column":7}},"line":23},"2":{"name":"(anonymous_2)","decl":{"start":{"line":24,"column":28},"end":{"line":24,"column":40}},"loc":{"start":{"line":24,"column":40},"end":{"line":50,"column":null}},"line":24},"3":{"name":"(anonymous_3)","decl":{"start":{"line":81,"column":24},"end":{"line":81,"column":39}},"loc":{"start":{"line":81,"column":39},"end":{"line":81,"column":null}},"line":81},"4":{"name":"(anonymous_4)","decl":{"start":{"line":90,"column":25},"end":{"line":90,"column":37}},"loc":{"start":{"line":90,"column":37},"end":{"line":108,"column":null}},"line":90},"5":{"name":"(anonymous_5)","decl":{"start":{"line":116,"column":20},"end":{"line":116,"column":35}},"loc":{"start":{"line":116,"column":35},"end":{"line":116,"column":null}},"line":116},"6":{"name":"(anonymous_6)","decl":{"start":{"line":139,"column":28},"end":{"line":139,"column":null}},"loc":{"start":{"line":140,"column":32},"end":{"line":140,"column":null}},"line":140},"7":{"name":"(anonymous_7)","decl":{"start":{"line":149,"column":28},"end":{"line":149,"column":43}},"loc":{"start":{"line":149,"column":43},"end":{"line":149,"column":null}},"line":149},"8":{"name":"(anonymous_8)","decl":{"start":{"line":257,"column":20},"end":{"line":257,"column":36}},"loc":{"start":{"line":257,"column":36},"end":{"line":257,"column":null}},"line":257}},"branchMap":{"0":{"loc":{"start":{"line":25,"column":12},"end":{"line":29,"column":null}},"type":"if","locations":[{"start":{"line":25,"column":12},"end":{"line":29,"column":null}},{"start":{},"end":{}}],"line":25},"1":{"loc":{"start":{"line":34,"column":16},"end":{"line":36,"column":null}},"type":"if","locations":[{"start":{"line":34,"column":16},"end":{"line":36,"column":null}},{"start":{},"end":{}}],"line":34},"2":{"loc":{"start":{"line":42,"column":16},"end":{"line":46,"column":null}},"type":"if","locations":[{"start":{"line":42,"column":16},"end":{"line":46,"column":null}},{"start":{"line":44,"column":23},"end":{"line":46,"column":null}}],"line":42},"3":{"loc":{"start":{"line":55,"column":4},"end":{"line":64,"column":null}},"type":"if","locations":[{"start":{"line":55,"column":4},"end":{"line":64,"column":null}},{"start":{},"end":{}}],"line":55},"4":{"loc":{"start":{"line":66,"column":4},"end":{"line":88,"column":null}},"type":"if","locations":[{"start":{"line":66,"column":4},"end":{"line":88,"column":null}},{"start":{},"end":{}}],"line":66},"5":{"loc":{"start":{"line":66,"column":8},"end":{"line":66,"column":27}},"type":"binary-expr","locations":[{"start":{"line":66,"column":8},"end":{"line":66,"column":17}},{"start":{"line":66,"column":17},"end":{"line":66,"column":27}}],"line":66},"6":{"loc":{"start":{"line":75,"column":25},"end":{"line":75,"column":null}},"type":"binary-expr","locations":[{"start":{"line":75,"column":25},"end":{"line":75,"column":34}},{"start":{"line":75,"column":34},"end":{"line":75,"column":null}}],"line":75},"7":{"loc":{"start":{"line":102,"column":12},"end":{"line":106,"column":null}},"type":"if","locations":[{"start":{"line":102,"column":12},"end":{"line":106,"column":null}},{"start":{"line":104,"column":19},"end":{"line":106,"column":null}}],"line":102},"8":{"loc":{"start":{"line":168,"column":61},"end":{"line":170,"column":null}},"type":"cond-expr","locations":[{"start":{"line":169,"column":38},"end":{"line":169,"column":null}},{"start":{"line":170,"column":38},"end":{"line":170,"column":null}}],"line":168},"9":{"loc":{"start":{"line":173,"column":33},"end":{"line":173,"column":null}},"type":"cond-expr","locations":[{"start":{"line":173,"column":49},"end":{"line":173,"column":59}},{"start":{"line":173,"column":59},"end":{"line":173,"column":null}}],"line":173},"10":{"loc":{"start":{"line":211,"column":33},"end":{"line":215,"column":null}},"type":"cond-expr","locations":[{"start":{"line":212,"column":38},"end":{"line":212,"column":null}},{"start":{"line":213,"column":38},"end":{"line":215,"column":null}}],"line":211},"11":{"loc":{"start":{"line":213,"column":38},"end":{"line":215,"column":null}},"type":"cond-expr","locations":[{"start":{"line":214,"column":42},"end":{"line":214,"column":null}},{"start":{"line":215,"column":42},"end":{"line":215,"column":null}}],"line":213},"12":{"loc":{"start":{"line":225,"column":33},"end":{"line":227,"column":null}},"type":"cond-expr","locations":[{"start":{"line":226,"column":38},"end":{"line":226,"column":null}},{"start":{"line":227,"column":38},"end":{"line":227,"column":null}}],"line":225},"13":{"loc":{"start":{"line":231,"column":33},"end":{"line":233,"column":null}},"type":"cond-expr","locations":[{"start":{"line":232,"column":38},"end":{"line":232,"column":null}},{"start":{"line":233,"column":38},"end":{"line":233,"column":null}}],"line":231},"14":{"loc":{"start":{"line":254,"column":13},"end":{"line":262,"column":null}},"type":"binary-expr","locations":[{"start":{"line":254,"column":13},"end":{"line":254,"column":null}},{"start":{"line":255,"column":16},"end":{"line":262,"column":null}}],"line":254}},"s":{"0":1,"1":10,"2":10,"3":10,"4":10,"5":10,"6":10,"7":10,"8":3,"9":3,"10":0,"11":0,"12":0,"13":3,"14":3,"15":3,"16":0,"17":3,"18":3,"19":0,"20":0,"21":0,"22":3,"23":3,"24":10,"25":3,"26":7,"27":0,"28":0,"29":7,"30":1,"31":1,"32":1,"33":1,"34":1,"35":0,"36":0,"37":0,"38":0,"39":7,"40":0,"41":0,"42":2,"43":0},"f":{"0":10,"1":3,"2":3,"3":0,"4":1,"5":0,"6":0,"7":2,"8":0},"b":{"0":[0,3],"1":[0,3],"2":[0,0],"3":[3,7],"4":[0,7],"5":[7,7],"6":[0,0],"7":[0,0],"8":[7,0],"9":[7,0],"10":[0,7],"11":[0,7],"12":[7,0],"13":[7,0],"14":[10,3]},"meta":{"lastBranch":15,"lastFunction":9,"lastStatement":44,"seen":{"s:13:13:264:Infinity":0,"f:13:13:13:40":0,"s:14:19:14:29":1,"s:15:21:15:33":2,"s:17:34:17:Infinity":3,"s:18:34:18:Infinity":4,"s:19:30:19:Infinity":5,"s:21:50:21:Infinity":6,"s:23:4:53:Infinity":7,"f:23:4:23:20":1,"s:24:28:50:Infinity":8,"f:24:28:24:40":2,"b:25:12:29:Infinity:undefined:undefined:undefined:undefined":0,"s:25:12:29:Infinity":9,"s:26:16:26:Infinity":10,"s:27:16:27:Infinity":11,"s:28:16:28:Infinity":12,"s:31:12:49:Infinity":13,"s:32:34:32:Infinity":14,"b:34:16:36:Infinity:undefined:undefined:undefined:undefined":1,"s:34:16:36:Infinity":15,"s:35:20:35:Infinity":16,"s:38:33:38:Infinity":17,"s:40:16:40:Infinity":18,"b:42:16:46:Infinity:44:23:46:Infinity":2,"s:42:16:46:Infinity":19,"s:43:20:43:Infinity":20,"s:45:20:45:Infinity":21,"s:48:16:48:Infinity":22,"s:52:8:52:Infinity":23,"b:55:4:64:Infinity:undefined:undefined:undefined:undefined":3,"s:55:4:64:Infinity":24,"s:56:8:62:Infinity":25,"b:66:4:88:Infinity:undefined:undefined:undefined:undefined":4,"s:66:4:88:Infinity":26,"b:66:8:66:17:66:17:66:27":5,"s:67:8:86:Infinity":27,"b:75:25:75:34:75:34:75:Infinity":6,"f:81:24:81:39":3,"s:81:39:81:Infinity":28,"s:90:25:108:Infinity":29,"f:90:25:90:37":4,"s:91:8:107:Infinity":30,"s:92:12:92:Infinity":31,"s:94:12:94:Infinity":32,"s:96:12:96:Infinity":33,"s:98:12:98:Infinity":34,"s:100:12:100:Infinity":35,"b:102:12:106:Infinity:104:19:106:Infinity":7,"s:102:12:106:Infinity":36,"s:103:16:103:Infinity":37,"s:105:16:105:Infinity":38,"s:110:4:262:Infinity":39,"f:116:20:116:35":5,"s:116:35:116:Infinity":40,"f:139:28:139:Infinity":6,"s:140:32:140:Infinity":41,"f:149:28:149:43":7,"s:149:43:149:Infinity":42,"b:169:38:169:Infinity:170:38:170:Infinity":8,"b:173:49:173:59:173:59:173:Infinity":9,"b:212:38:212:Infinity:213:38:215:Infinity":10,"b:214:42:214:Infinity:215:42:215:Infinity":11,"b:226:38:226:Infinity:227:38:227:Infinity":12,"b:232:38:232:Infinity:233:38:233:Infinity":13,"b:254:13:254:Infinity:255:16:262:Infinity":14,"f:257:20:257:36":8,"s:257:36:257:Infinity":43},"fnNames":{}}}
,"C:\\Users\\EMBN\\Downloads\\Teste\\EvolucionalTest\\React\\src\\pages\\ProductFormPage\\ProductFormPage.css": {"path":"C:\\Users\\EMBN\\Downloads\\Teste\\EvolucionalTest\\React\\src\\pages\\ProductFormPage\\ProductFormPage.css","statementMap":{},"fnMap":{},"branchMap":{},"s":{},"f":{},"b":{},"meta":{"lastBranch":0,"lastFunction":0,"lastStatement":0,"seen":{},"fnNames":{}}}
,"C:\\Users\\EMBN\\Downloads\\Teste\\EvolucionalTest\\React\\src\\pages\\ProductFormPage\\ProductFormPage.tsx": {"path":"C:\\Users\\EMBN\\Downloads\\Teste\\EvolucionalTest\\React\\src\\pages\\ProductFormPage\\ProductFormPage.tsx","statementMap":{"0":{"start":{"line":21,"column":34},"end":{"line":27,"column":null}},"1":{"start":{"line":29,"column":13},"end":{"line":422,"column":null}},"2":{"start":{"line":30,"column":19},"end":{"line":30,"column":29}},"3":{"start":{"line":31,"column":21},"end":{"line":31,"column":33}},"4":{"start":{"line":33,"column":22},"end":{"line":33,"column":null}},"5":{"start":{"line":35,"column":28},"end":{"line":35,"column":null}},"6":{"start":{"line":36,"column":32},"end":{"line":36,"column":null}},"7":{"start":{"line":37,"column":34},"end":{"line":37,"column":null}},"8":{"start":{"line":38,"column":32},"end":{"line":38,"column":null}},"9":{"start":{"line":39,"column":30},"end":{"line":39,"column":null}},"10":{"start":{"line":40,"column":34},"end":{"line":40,"column":null}},"11":{"start":{"line":42,"column":4},"end":{"line":73,"column":null}},"12":{"start":{"line":43,"column":8},"end":{"line":45,"column":null}},"13":{"start":{"line":44,"column":12},"end":{"line":44,"column":null}},"14":{"start":{"line":47,"column":28},"end":{"line":70,"column":null}},"15":{"start":{"line":48,"column":12},"end":{"line":69,"column":null}},"16":{"start":{"line":49,"column":16},"end":{"line":49,"column":null}},"17":{"start":{"line":50,"column":16},"end":{"line":50,"column":null}},"18":{"start":{"line":52,"column":32},"end":{"line":52,"column":null}},"19":{"start":{"line":54,"column":16},"end":{"line":60,"column":null}},"20":{"start":{"line":62,"column":16},"end":{"line":66,"column":null}},"21":{"start":{"line":68,"column":16},"end":{"line":68,"column":null}},"22":{"start":{"line":72,"column":8},"end":{"line":72,"column":null}},"23":{"start":{"line":75,"column":10},"end":{"line":101,"column":null}},"24":{"start":{"line":76,"column":45},"end":{"line":76,"column":null}},"25":{"start":{"line":78,"column":8},"end":{"line":83,"column":null}},"26":{"start":{"line":79,"column":12},"end":{"line":79,"column":null}},"27":{"start":{"line":80,"column":15},"end":{"line":83,"column":null}},"28":{"start":{"line":81,"column":12},"end":{"line":82,"column":null}},"29":{"start":{"line":85,"column":8},"end":{"line":88,"column":null}},"30":{"start":{"line":86,"column":12},"end":{"line":87,"column":null}},"31":{"start":{"line":90,"column":8},"end":{"line":93,"column":null}},"32":{"start":{"line":91,"column":12},"end":{"line":92,"column":null}},"33":{"start":{"line":95,"column":8},"end":{"line":98,"column":null}},"34":{"start":{"line":96,"column":12},"end":{"line":97,"column":null}},"35":{"start":{"line":100,"column":8},"end":{"line":100,"column":null}},"36":{"start":{"line":103,"column":10},"end":{"line":118,"column":null}},"37":{"start":{"line":107,"column":8},"end":{"line":110,"column":null}},"38":{"start":{"line":107,"column":30},"end":{"line":110,"column":10}},"39":{"start":{"line":112,"column":8},"end":{"line":115,"column":null}},"40":{"start":{"line":112,"column":32},"end":{"line":115,"column":10}},"41":{"start":{"line":117,"column":8},"end":{"line":117,"column":null}},"42":{"start":{"line":120,"column":25},"end":{"line":170,"column":null}},"43":{"start":{"line":121,"column":8},"end":{"line":121,"column":null}},"44":{"start":{"line":123,"column":33},"end":{"line":123,"column":null}},"45":{"start":{"line":125,"column":8},"end":{"line":128,"column":null}},"46":{"start":{"line":126,"column":12},"end":{"line":126,"column":null}},"47":{"start":{"line":127,"column":12},"end":{"line":127,"column":null}},"48":{"start":{"line":130,"column":8},"end":{"line":169,"column":null}},"49":{"start":{"line":131,"column":12},"end":{"line":131,"column":null}},"50":{"start":{"line":132,"column":12},"end":{"line":132,"column":null}},"51":{"start":{"line":133,"column":12},"end":{"line":133,"column":null}},"52":{"start":{"line":135,"column":46},"end":{"line":141,"column":null}},"53":{"start":{"line":143,"column":12},"end":{"line":156,"column":null}},"54":{"start":{"line":144,"column":16},"end":{"line":144,"column":null}},"55":{"start":{"line":145,"column":16},"end":{"line":145,"column":null}},"56":{"start":{"line":147,"column":39},"end":{"line":147,"column":null}},"57":{"start":{"line":149,"column":16},"end":{"line":149,"column":null}},"58":{"start":{"line":151,"column":16},"end":{"line":153,"column":null}},"59":{"start":{"line":152,"column":20},"end":{"line":152,"column":null}},"60":{"start":{"line":155,"column":16},"end":{"line":155,"column":null}},"61":{"start":{"line":158,"column":12},"end":{"line":160,"column":null}},"62":{"start":{"line":159,"column":16},"end":{"line":159,"column":null}},"63":{"start":{"line":162,"column":12},"end":{"line":166,"column":null}},"64":{"start":{"line":168,"column":12},"end":{"line":168,"column":null}},"65":{"start":{"line":172,"column":4},"end":{"line":180,"column":null}},"66":{"start":{"line":173,"column":8},"end":{"line":178,"column":null}},"67":{"start":{"line":182,"column":4},"end":{"line":199,"column":null}},"68":{"start":{"line":183,"column":8},"end":{"line":197,"column":null}},"69":{"start":{"line":188,"column":35},"end":{"line":188,"column":null}},"70":{"start":{"line":201,"column":4},"end":{"line":420,"column":null}},"71":{"start":{"line":206,"column":31},"end":{"line":206,"column":null}},"72":{"start":{"line":246,"column":32},"end":{"line":249,"column":null}},"73":{"start":{"line":271,"column":32},"end":{"line":274,"column":null}},"74":{"start":{"line":320,"column":32},"end":{"line":323,"column":null}},"75":{"start":{"line":348,"column":32},"end":{"line":351,"column":null}},"76":{"start":{"line":370,"column":36},"end":{"line":373,"column":null}},"77":{"start":{"line":401,"column":39},"end":{"line":401,"column":null}}},"fnMap":{"0":{"name":"(anonymous_0)","decl":{"start":{"line":29,"column":13},"end":{"line":29,"column":37}},"loc":{"start":{"line":29,"column":37},"end":{"line":422,"column":null}},"line":29},"1":{"name":"(anonymous_1)","decl":{"start":{"line":42,"column":4},"end":{"line":42,"column":20}},"loc":{"start":{"line":42,"column":20},"end":{"line":73,"column":7}},"line":42},"2":{"name":"(anonymous_2)","decl":{"start":{"line":47,"column":28},"end":{"line":47,"column":40}},"loc":{"start":{"line":47,"column":40},"end":{"line":70,"column":null}},"line":47},"3":{"name":"(anonymous_3)","decl":{"start":{"line":75,"column":10},"end":{"line":75,"column":39}},"loc":{"start":{"line":75,"column":39},"end":{"line":101,"column":null}},"line":75},"4":{"name":"(anonymous_4)","decl":{"start":{"line":103,"column":10},"end":{"line":103,"column":null}},"loc":{"start":{"line":106,"column":9},"end":{"line":118,"column":null}},"line":106},"5":{"name":"(anonymous_5)","decl":{"start":{"line":107,"column":8},"end":{"line":107,"column":17}},"loc":{"start":{"line":107,"column":30},"end":{"line":110,"column":10}},"line":107},"6":{"name":"(anonymous_6)","decl":{"start":{"line":112,"column":8},"end":{"line":112,"column":19}},"loc":{"start":{"line":112,"column":32},"end":{"line":115,"column":10}},"line":112},"7":{"name":"(anonymous_7)","decl":{"start":{"line":120,"column":25},"end":{"line":120,"column":32}},"loc":{"start":{"line":120,"column":76},"end":{"line":170,"column":null}},"line":120},"8":{"name":"(anonymous_8)","decl":{"start":{"line":151,"column":16},"end":{"line":151,"column":33}},"loc":{"start":{"line":151,"column":33},"end":{"line":153,"column":19}},"line":151},"9":{"name":"(anonymous_9)","decl":{"start":{"line":158,"column":12},"end":{"line":158,"column":29}},"loc":{"start":{"line":158,"column":29},"end":{"line":160,"column":15}},"line":158},"10":{"name":"(anonymous_10)","decl":{"start":{"line":188,"column":20},"end":{"line":188,"column":35}},"loc":{"start":{"line":188,"column":35},"end":{"line":188,"column":null}},"line":188},"11":{"name":"(anonymous_11)","decl":{"start":{"line":206,"column":16},"end":{"line":206,"column":31}},"loc":{"start":{"line":206,"column":31},"end":{"line":206,"column":null}},"line":206},"12":{"name":"(anonymous_12)","decl":{"start":{"line":245,"column":28},"end":{"line":245,"column":39}},"loc":{"start":{"line":246,"column":32},"end":{"line":249,"column":null}},"line":246},"13":{"name":"(anonymous_13)","decl":{"start":{"line":270,"column":28},"end":{"line":270,"column":39}},"loc":{"start":{"line":271,"column":32},"end":{"line":274,"column":null}},"line":271},"14":{"name":"(anonymous_14)","decl":{"start":{"line":319,"column":28},"end":{"line":319,"column":39}},"loc":{"start":{"line":320,"column":32},"end":{"line":323,"column":null}},"line":320},"15":{"name":"(anonymous_15)","decl":{"start":{"line":347,"column":28},"end":{"line":347,"column":39}},"loc":{"start":{"line":348,"column":32},"end":{"line":351,"column":null}},"line":348},"16":{"name":"(anonymous_16)","decl":{"start":{"line":369,"column":32},"end":{"line":369,"column":43}},"loc":{"start":{"line":370,"column":36},"end":{"line":373,"column":null}},"line":370},"17":{"name":"(anonymous_17)","decl":{"start":{"line":401,"column":24},"end":{"line":401,"column":39}},"loc":{"start":{"line":401,"column":39},"end":{"line":401,"column":null}},"line":401}},"branchMap":{"0":{"loc":{"start":{"line":43,"column":8},"end":{"line":45,"column":null}},"type":"if","locations":[{"start":{"line":43,"column":8},"end":{"line":45,"column":null}},{"start":{},"end":{}}],"line":43},"1":{"loc":{"start":{"line":63,"column":20},"end":{"line":65,"column":null}},"type":"cond-expr","locations":[{"start":{"line":64,"column":26},"end":{"line":64,"column":null}},{"start":{"line":65,"column":26},"end":{"line":65,"column":null}}],"line":63},"2":{"loc":{"start":{"line":78,"column":8},"end":{"line":83,"column":null}},"type":"if","locations":[{"start":{"line":78,"column":8},"end":{"line":83,"column":null}},{"start":{"line":80,"column":15},"end":{"line":83,"column":null}}],"line":78},"3":{"loc":{"start":{"line":80,"column":15},"end":{"line":83,"column":null}},"type":"if","locations":[{"start":{"line":80,"column":15},"end":{"line":83,"column":null}},{"start":{},"end":{}}],"line":80},"4":{"loc":{"start":{"line":85,"column":8},"end":{"line":88,"column":null}},"type":"if","locations":[{"start":{"line":85,"column":8},"end":{"line":88,"column":null}},{"start":{},"end":{}}],"line":85},"5":{"loc":{"start":{"line":90,"column":8},"end":{"line":93,"column":null}},"type":"if","locations":[{"start":{"line":90,"column":8},"end":{"line":93,"column":null}},{"start":{},"end":{}}],"line":90},"6":{"loc":{"start":{"line":95,"column":8},"end":{"line":98,"column":null}},"type":"if","locations":[{"start":{"line":95,"column":8},"end":{"line":98,"column":null}},{"start":{},"end":{}}],"line":95},"7":{"loc":{"start":{"line":125,"column":8},"end":{"line":128,"column":null}},"type":"if","locations":[{"start":{"line":125,"column":8},"end":{"line":128,"column":null}},{"start":{},"end":{}}],"line":125},"8":{"loc":{"start":{"line":143,"column":12},"end":{"line":156,"column":null}},"type":"if","locations":[{"start":{"line":143,"column":12},"end":{"line":156,"column":null}},{"start":{"line":146,"column":19},"end":{"line":156,"column":null}}],"line":143},"9":{"loc":{"start":{"line":163,"column":16},"end":{"line":165,"column":null}},"type":"cond-expr","locations":[{"start":{"line":164,"column":22},"end":{"line":164,"column":null}},{"start":{"line":165,"column":22},"end":{"line":165,"column":null}}],"line":163},"10":{"loc":{"start":{"line":172,"column":4},"end":{"line":180,"column":null}},"type":"if","locations":[{"start":{"line":172,"column":4},"end":{"line":180,"column":null}},{"start":{},"end":{}}],"line":172},"11":{"loc":{"start":{"line":182,"column":4},"end":{"line":199,"column":null}},"type":"if","locations":[{"start":{"line":182,"column":4},"end":{"line":199,"column":null}},{"start":{},"end":{}}],"line":182},"12":{"loc":{"start":{"line":182,"column":8},"end":{"line":182,"column":42}},"type":"binary-expr","locations":[{"start":{"line":182,"column":8},"end":{"line":182,"column":17}},{"start":{"line":182,"column":17},"end":{"line":182,"column":30}},{"start":{"line":182,"column":30},"end":{"line":182,"column":42}}],"line":182},"13":{"loc":{"start":{"line":214,"column":25},"end":{"line":214,"column":null}},"type":"cond-expr","locations":[{"start":{"line":214,"column":37},"end":{"line":214,"column":48}},{"start":{"line":214,"column":48},"end":{"line":214,"column":null}}],"line":214},"14":{"loc":{"start":{"line":218,"column":25},"end":{"line":220,"column":null}},"type":"cond-expr","locations":[{"start":{"line":219,"column":30},"end":{"line":219,"column":null}},{"start":{"line":220,"column":30},"end":{"line":220,"column":null}}],"line":218},"15":{"loc":{"start":{"line":224,"column":25},"end":{"line":226,"column":null}},"type":"cond-expr","locations":[{"start":{"line":225,"column":30},"end":{"line":225,"column":null}},{"start":{"line":226,"column":30},"end":{"line":226,"column":null}}],"line":224},"16":{"loc":{"start":{"line":255,"column":25},"end":{"line":258,"column":null}},"type":"binary-expr","locations":[{"start":{"line":255,"column":25},"end":{"line":255,"column":null}},{"start":{"line":256,"column":28},"end":{"line":258,"column":null}}],"line":255},"17":{"loc":{"start":{"line":301,"column":25},"end":{"line":304,"column":null}},"type":"binary-expr","locations":[{"start":{"line":301,"column":25},"end":{"line":301,"column":null}},{"start":{"line":302,"column":28},"end":{"line":304,"column":null}}],"line":301},"18":{"loc":{"start":{"line":329,"column":25},"end":{"line":332,"column":null}},"type":"binary-expr","locations":[{"start":{"line":329,"column":25},"end":{"line":329,"column":null}},{"start":{"line":330,"column":28},"end":{"line":332,"column":null}}],"line":329},"19":{"loc":{"start":{"line":357,"column":25},"end":{"line":360,"column":null}},"type":"binary-expr","locations":[{"start":{"line":357,"column":25},"end":{"line":357,"column":null}},{"start":{"line":358,"column":28},"end":{"line":360,"column":null}}],"line":357},"20":{"loc":{"start":{"line":385,"column":17},"end":{"line":388,"column":null}},"type":"binary-expr","locations":[{"start":{"line":385,"column":17},"end":{"line":385,"column":null}},{"start":{"line":386,"column":20},"end":{"line":388,"column":null}}],"line":385},"21":{"loc":{"start":{"line":391,"column":17},"end":{"line":394,"column":null}},"type":"binary-expr","locations":[{"start":{"line":391,"column":17},"end":{"line":391,"column":null}},{"start":{"line":392,"column":20},"end":{"line":394,"column":null}}],"line":391},"22":{"loc":{"start":{"line":412,"column":25},"end":{"line":416,"column":null}},"type":"cond-expr","locations":[{"start":{"line":413,"column":30},"end":{"line":413,"column":null}},{"start":{"line":414,"column":30},"end":{"line":416,"column":null}}],"line":412},"23":{"loc":{"start":{"line":414,"column":30},"end":{"line":416,"column":null}},"type":"cond-expr","locations":[{"start":{"line":415,"column":34},"end":{"line":415,"column":null}},{"start":{"line":416,"column":34},"end":{"line":416,"column":null}}],"line":414}},"s":{"0":1,"1":1,"2":14,"3":14,"4":14,"5":14,"6":14,"7":14,"8":14,"9":14,"10":14,"11":14,"12":4,"13":3,"14":1,"15":1,"16":1,"17":1,"18":1,"19":1,"20":0,"21":1,"22":1,"23":14,"24":3,"25":3,"26":1,"27":2,"28":1,"29":3,"30":2,"31":3,"32":2,"33":3,"34":0,"35":3,"36":14,"37":5,"38":5,"39":5,"40":5,"41":5,"42":14,"43":3,"44":3,"45":3,"46":2,"47":2,"48":1,"49":1,"50":1,"51":1,"52":1,"53":1,"54":0,"55":0,"56":1,"57":1,"58":1,"59":0,"60":1,"61":0,"62":0,"63":0,"64":1,"65":14,"66":1,"67":13,"68":0,"69":0,"70":13,"71":0,"72":2,"73":1,"74":1,"75":1,"76":0,"77":0},"f":{"0":14,"1":4,"2":1,"3":3,"4":5,"5":5,"6":5,"7":3,"8":0,"9":0,"10":0,"11":0,"12":2,"13":1,"14":1,"15":1,"16":0,"17":0},"b":{"0":[3,1],"1":[0,0],"2":[1,2],"3":[1,1],"4":[2,1],"5":[2,1],"6":[0,3],"7":[2,1],"8":[0,1],"9":[0,0],"10":[1,13],"11":[0,13],"12":[13,0,0],"13":[1,12],"14":[1,12],"15":[1,12],"16":[14,2],"17":[14,2],"18":[14,2],"19":[14,0],"20":[14,0],"21":[14,1],"22":[1,12],"23":[1,11]},"meta":{"lastBranch":24,"lastFunction":18,"lastStatement":78,"seen":{"s:21:34:27:Infinity":0,"s:29:13:422:Infinity":1,"f:29:13:29:37":0,"s:30:19:30:29":2,"s:31:21:31:33":3,"s:33:22:33:Infinity":4,"s:35:28:35:Infinity":5,"s:36:32:36:Infinity":6,"s:37:34:37:Infinity":7,"s:38:32:38:Infinity":8,"s:39:30:39:Infinity":9,"s:40:34:40:Infinity":10,"s:42:4:73:Infinity":11,"f:42:4:42:20":1,"b:43:8:45:Infinity:undefined:undefined:undefined:undefined":0,"s:43:8:45:Infinity":12,"s:44:12:44:Infinity":13,"s:47:28:70:Infinity":14,"f:47:28:47:40":2,"s:48:12:69:Infinity":15,"s:49:16:49:Infinity":16,"s:50:16:50:Infinity":17,"s:52:32:52:Infinity":18,"s:54:16:60:Infinity":19,"s:62:16:66:Infinity":20,"b:64:26:64:Infinity:65:26:65:Infinity":1,"s:68:16:68:Infinity":21,"s:72:8:72:Infinity":22,"s:75:10:101:Infinity":23,"f:75:10:75:39":3,"s:76:45:76:Infinity":24,"b:78:8:83:Infinity:80:15:83:Infinity":2,"s:78:8:83:Infinity":25,"s:79:12:79:Infinity":26,"b:80:15:83:Infinity:undefined:undefined:undefined:undefined":3,"s:80:15:83:Infinity":27,"s:81:12:82:Infinity":28,"b:85:8:88:Infinity:undefined:undefined:undefined:undefined":4,"s:85:8:88:Infinity":29,"s:86:12:87:Infinity":30,"b:90:8:93:Infinity:undefined:undefined:undefined:undefined":5,"s:90:8:93:Infinity":31,"s:91:12:92:Infinity":32,"b:95:8:98:Infinity:undefined:undefined:undefined:undefined":6,"s:95:8:98:Infinity":33,"s:96:12:97:Infinity":34,"s:100:8:100:Infinity":35,"s:103:10:118:Infinity":36,"f:103:10:103:Infinity":4,"s:107:8:110:Infinity":37,"f:107:8:107:17":5,"s:107:30:110:10":38,"s:112:8:115:Infinity":39,"f:112:8:112:19":6,"s:112:32:115:10":40,"s:117:8:117:Infinity":41,"s:120:25:170:Infinity":42,"f:120:25:120:32":7,"s:121:8:121:Infinity":43,"s:123:33:123:Infinity":44,"b:125:8:128:Infinity:undefined:undefined:undefined:undefined":7,"s:125:8:128:Infinity":45,"s:126:12:126:Infinity":46,"s:127:12:127:Infinity":47,"s:130:8:169:Infinity":48,"s:131:12:131:Infinity":49,"s:132:12:132:Infinity":50,"s:133:12:133:Infinity":51,"s:135:46:141:Infinity":52,"b:143:12:156:Infinity:146:19:156:Infinity":8,"s:143:12:156:Infinity":53,"s:144:16:144:Infinity":54,"s:145:16:145:Infinity":55,"s:147:39:147:Infinity":56,"s:149:16:149:Infinity":57,"s:151:16:153:Infinity":58,"f:151:16:151:33":8,"s:152:20:152:Infinity":59,"s:155:16:155:Infinity":60,"s:158:12:160:Infinity":61,"f:158:12:158:29":9,"s:159:16:159:Infinity":62,"s:162:12:166:Infinity":63,"b:164:22:164:Infinity:165:22:165:Infinity":9,"s:168:12:168:Infinity":64,"b:172:4:180:Infinity:undefined:undefined:undefined:undefined":10,"s:172:4:180:Infinity":65,"s:173:8:178:Infinity":66,"b:182:4:199:Infinity:undefined:undefined:undefined:undefined":11,"s:182:4:199:Infinity":67,"b:182:8:182:17:182:17:182:30:182:30:182:42":12,"s:183:8:197:Infinity":68,"f:188:20:188:35":10,"s:188:35:188:Infinity":69,"s:201:4:420:Infinity":70,"f:206:16:206:31":11,"s:206:31:206:Infinity":71,"b:214:37:214:48:214:48:214:Infinity":13,"b:219:30:219:Infinity:220:30:220:Infinity":14,"b:225:30:225:Infinity:226:30:226:Infinity":15,"f:245:28:245:39":12,"s:246:32:249:Infinity":72,"b:255:25:255:Infinity:256:28:258:Infinity":16,"f:270:28:270:39":13,"s:271:32:274:Infinity":73,"b:301:25:301:Infinity:302:28:304:Infinity":17,"f:319:28:319:39":14,"s:320:32:323:Infinity":74,"b:329:25:329:Infinity:330:28:332:Infinity":18,"f:347:28:347:39":15,"s:348:32:351:Infinity":75,"b:357:25:357:Infinity:358:28:360:Infinity":19,"f:369:32:369:43":16,"s:370:36:373:Infinity":76,"b:385:17:385:Infinity:386:20:388:Infinity":20,"b:391:17:391:Infinity:392:20:394:Infinity":21,"f:401:24:401:39":17,"s:401:39:401:Infinity":77,"b:413:30:413:Infinity:414:30:416:Infinity":22,"b:415:34:415:Infinity:416:34:416:Infinity":23},"fnNames":{}}}
,"C:\\Users\\EMBN\\Downloads\\Teste\\EvolucionalTest\\React\\src\\pages\\ProductsPage\\ProductsPage.css": {"path":"C:\\Users\\EMBN\\Downloads\\Teste\\EvolucionalTest\\React\\src\\pages\\ProductsPage\\ProductsPage.css","statementMap":{},"fnMap":{},"branchMap":{},"s":{},"f":{},"b":{},"meta":{"lastBranch":0,"lastFunction":0,"lastStatement":0,"seen":{},"fnNames":{}}}
,"C:\\Users\\EMBN\\Downloads\\Teste\\EvolucionalTest\\React\\src\\pages\\ProductsPage\\ProductsPage.tsx": {"path":"C:\\Users\\EMBN\\Downloads\\Teste\\EvolucionalTest\\React\\src\\pages\\ProductsPage\\ProductsPage.tsx","statementMap":{"0":{"start":{"line":7,"column":13},"end":{"line":232,"column":null}},"1":{"start":{"line":8,"column":21},"end":{"line":8,"column":33}},"2":{"start":{"line":22,"column":8},"end":{"line":22,"column":20}},"3":{"start":{"line":24,"column":4},"end":{"line":35,"column":null}},"4":{"start":{"line":25,"column":8},"end":{"line":33,"column":null}},"5":{"start":{"line":37,"column":4},"end":{"line":230,"column":null}},"6":{"start":{"line":57,"column":24},"end":{"line":57,"column":null}},"7":{"start":{"line":74,"column":28},"end":{"line":76,"column":null}},"8":{"start":{"line":85,"column":24},"end":{"line":85,"column":null}},"9":{"start":{"line":155,"column":24},"end":{"line":209,"column":null}},"10":{"start":{"line":159,"column":32},"end":{"line":161,"column":null}},"11":{"start":{"line":164,"column":32},"end":{"line":171,"column":null}},"12":{"start":{"line":168,"column":36},"end":{"line":170,"column":null}}},"fnMap":{"0":{"name":"(anonymous_0)","decl":{"start":{"line":7,"column":13},"end":{"line":7,"column":34}},"loc":{"start":{"line":7,"column":34},"end":{"line":232,"column":null}},"line":7},"1":{"name":"(anonymous_1)","decl":{"start":{"line":56,"column":20},"end":{"line":56,"column":35}},"loc":{"start":{"line":56,"column":35},"end":{"line":58,"column":null}},"line":56},"2":{"name":"(anonymous_2)","decl":{"start":{"line":73,"column":24},"end":{"line":73,"column":35}},"loc":{"start":{"line":73,"column":45},"end":{"line":77,"column":null}},"line":73},"3":{"name":"(anonymous_3)","decl":{"start":{"line":84,"column":20},"end":{"line":84,"column":31}},"loc":{"start":{"line":84,"column":41},"end":{"line":86,"column":null}},"line":84},"4":{"name":"(anonymous_4)","decl":{"start":{"line":154,"column":30},"end":{"line":154,"column":35}},"loc":{"start":{"line":155,"column":24},"end":{"line":209,"column":null}},"line":155},"5":{"name":"(anonymous_5)","decl":{"start":{"line":158,"column":28},"end":{"line":158,"column":43}},"loc":{"start":{"line":158,"column":43},"end":{"line":162,"column":null}},"line":158},"6":{"name":"(anonymous_6)","decl":{"start":{"line":163,"column":28},"end":{"line":163,"column":40}},"loc":{"start":{"line":163,"column":50},"end":{"line":172,"column":null}},"line":163}},"branchMap":{"0":{"loc":{"start":{"line":24,"column":4},"end":{"line":35,"column":null}},"type":"if","locations":[{"start":{"line":24,"column":4},"end":{"line":35,"column":null}},{"start":{},"end":{}}],"line":24},"1":{"loc":{"start":{"line":121,"column":21},"end":{"line":123,"column":null}},"type":"cond-expr","locations":[{"start":{"line":122,"column":26},"end":{"line":122,"column":null}},{"start":{"line":123,"column":26},"end":{"line":123,"column":null}}],"line":121},"2":{"loc":{"start":{"line":127,"column":13},"end":{"line":211,"column":null}},"type":"cond-expr","locations":[{"start":{"line":128,"column":16},"end":{"line":134,"column":25}},{"start":{"line":134,"column":16},"end":{"line":211,"column":null}}],"line":127},"3":{"loc":{"start":{"line":134,"column":16},"end":{"line":211,"column":null}},"type":"cond-expr","locations":[{"start":{"line":135,"column":16},"end":{"line":141,"column":25}},{"start":{"line":141,"column":16},"end":{"line":211,"column":null}}],"line":134},"4":{"loc":{"start":{"line":134,"column":16},"end":{"line":134,"column":null}},"type":"binary-expr","locations":[{"start":{"line":134,"column":16},"end":{"line":134,"column":25}},{"start":{"line":134,"column":25},"end":{"line":134,"column":null}}],"line":134},"5":{"loc":{"start":{"line":141,"column":16},"end":{"line":211,"column":null}},"type":"cond-expr","locations":[{"start":{"line":142,"column":16},"end":{"line":153,"column":17}},{"start":{"line":153,"column":16},"end":{"line":211,"column":null}}],"line":141},"6":{"loc":{"start":{"line":164,"column":32},"end":{"line":171,"column":null}},"type":"if","locations":[{"start":{"line":164,"column":32},"end":{"line":171,"column":null}},{"start":{},"end":{}}],"line":164},"7":{"loc":{"start":{"line":165,"column":36},"end":{"line":166,"column":null}},"type":"binary-expr","locations":[{"start":{"line":165,"column":36},"end":{"line":165,"column":null}},{"start":{"line":166,"column":36},"end":{"line":166,"column":null}}],"line":165},"8":{"loc":{"start":{"line":182,"column":65},"end":{"line":184,"column":null}},"type":"cond-expr","locations":[{"start":{"line":183,"column":46},"end":{"line":183,"column":null}},{"start":{"line":184,"column":46},"end":{"line":184,"column":null}}],"line":182},"9":{"loc":{"start":{"line":187,"column":37},"end":{"line":189,"column":null}},"type":"cond-expr","locations":[{"start":{"line":188,"column":42},"end":{"line":188,"column":null}},{"start":{"line":189,"column":42},"end":{"line":189,"column":null}}],"line":187},"10":{"loc":{"start":{"line":214,"column":13},"end":{"line":228,"column":null}},"type":"binary-expr","locations":[{"start":{"line":214,"column":13},"end":{"line":214,"column":null}},{"start":{"line":215,"column":16},"end":{"line":215,"column":null}},{"start":{"line":216,"column":20},"end":{"line":228,"column":null}}],"line":214},"11":{"loc":{"start":{"line":220,"column":25},"end":{"line":226,"column":null}},"type":"binary-expr","locations":[{"start":{"line":220,"column":25},"end":{"line":220,"column":null}},{"start":{"line":221,"column":28},"end":{"line":226,"column":null}}],"line":220}},"s":{"0":1,"1":2,"2":2,"3":2,"4":0,"5":2,"6":1,"7":1,"8":1,"9":2,"10":0,"11":0,"12":0},"f":{"0":2,"1":1,"2":1,"3":1,"4":2,"5":0,"6":0},"b":{"0":[0,2],"1":[2,0],"2":[0,2],"3":[0,2],"4":[2,0],"5":[0,2],"6":[0,0],"7":[0,0],"8":[2,0],"9":[2,0],"10":[2,2,0],"11":[0,0]},"meta":{"lastBranch":12,"lastFunction":7,"lastStatement":13,"seen":{"s:7:13:232:Infinity":0,"f:7:13:7:34":0,"s:8:21:8:33":1,"s:22:8:22:20":2,"b:24:4:35:Infinity:undefined:undefined:undefined:undefined":0,"s:24:4:35:Infinity":3,"s:25:8:33:Infinity":4,"s:37:4:230:Infinity":5,"f:56:20:56:35":1,"s:57:24:57:Infinity":6,"f:73:24:73:35":2,"s:74:28:76:Infinity":7,"f:84:20:84:31":3,"s:85:24:85:Infinity":8,"b:122:26:122:Infinity:123:26:123:Infinity":1,"b:128:16:134:25:134:16:211:Infinity":2,"b:135:16:141:25:141:16:211:Infinity":3,"b:134:16:134:25:134:25:134:Infinity":4,"b:142:16:153:17:153:16:211:Infinity":5,"f:154:30:154:35":4,"s:155:24:209:Infinity":9,"f:158:28:158:43":5,"s:159:32:161:Infinity":10,"f:163:28:163:40":6,"b:164:32:171:Infinity:undefined:undefined:undefined:undefined":6,"s:164:32:171:Infinity":11,"b:165:36:165:Infinity:166:36:166:Infinity":7,"s:168:36:170:Infinity":12,"b:183:46:183:Infinity:184:46:184:Infinity":8,"b:188:42:188:Infinity:189:42:189:Infinity":9,"b:214:13:214:Infinity:215:16:215:Infinity:216:20:228:Infinity":10,"b:220:25:220:Infinity:221:28:226:Infinity":11},"fnNames":{}}}
,"C:\\Users\\EMBN\\Downloads\\Teste\\EvolucionalTest\\React\\src\\services\\productService.ts": {"path":"C:\\Users\\EMBN\\Downloads\\Teste\\EvolucionalTest\\React\\src\\services\\productService.ts","statementMap":{"0":{"start":{"line":8,"column":16},"end":{"line":8,"column":null}},"1":{"start":{"line":10,"column":27},"end":{"line":41,"column":null}},"2":{"start":{"line":13,"column":25},"end":{"line":16,"column":null}},"3":{"start":{"line":18,"column":4},"end":{"line":20,"column":null}},"4":{"start":{"line":19,"column":8},"end":{"line":19,"column":null}},"5":{"start":{"line":22,"column":4},"end":{"line":24,"column":null}},"6":{"start":{"line":23,"column":8},"end":{"line":23,"column":null}},"7":{"start":{"line":26,"column":21},"end":{"line":28,"column":null}},"8":{"start":{"line":30,"column":4},"end":{"line":32,"column":null}},"9":{"start":{"line":31,"column":8},"end":{"line":31,"column":null}},"10":{"start":{"line":34,"column":32},"end":{"line":34,"column":null}},"11":{"start":{"line":35,"column":18},"end":{"line":35,"column":null}},"12":{"start":{"line":37,"column":4},"end":{"line":40,"column":null}},"13":{"start":{"line":43,"column":30},"end":{"line":55,"column":null}},"14":{"start":{"line":44,"column":21},"end":{"line":44,"column":null}},"15":{"start":{"line":46,"column":4},"end":{"line":52,"column":null}},"16":{"start":{"line":47,"column":8},"end":{"line":49,"column":null}},"17":{"start":{"line":48,"column":12},"end":{"line":48,"column":null}},"18":{"start":{"line":51,"column":8},"end":{"line":51,"column":null}},"19":{"start":{"line":54,"column":4},"end":{"line":54,"column":null}},"20":{"start":{"line":57,"column":29},"end":{"line":73,"column":null}},"21":{"start":{"line":60,"column":21},"end":{"line":66,"column":null}},"22":{"start":{"line":68,"column":4},"end":{"line":70,"column":null}},"23":{"start":{"line":69,"column":8},"end":{"line":69,"column":null}},"24":{"start":{"line":72,"column":4},"end":{"line":72,"column":null}},"25":{"start":{"line":75,"column":29},"end":{"line":96,"column":null}},"26":{"start":{"line":79,"column":21},"end":{"line":85,"column":null}},"27":{"start":{"line":87,"column":4},"end":{"line":93,"column":null}},"28":{"start":{"line":88,"column":8},"end":{"line":90,"column":null}},"29":{"start":{"line":89,"column":12},"end":{"line":89,"column":null}},"30":{"start":{"line":92,"column":8},"end":{"line":92,"column":null}},"31":{"start":{"line":95,"column":4},"end":{"line":95,"column":null}},"32":{"start":{"line":98,"column":29},"end":{"line":110,"column":null}},"33":{"start":{"line":99,"column":21},"end":{"line":101,"column":null}},"34":{"start":{"line":103,"column":4},"end":{"line":109,"column":null}},"35":{"start":{"line":104,"column":8},"end":{"line":106,"column":null}},"36":{"start":{"line":105,"column":12},"end":{"line":105,"column":null}},"37":{"start":{"line":108,"column":8},"end":{"line":108,"column":null}}},"fnMap":{"0":{"name":"(anonymous_0)","decl":{"start":{"line":10,"column":27},"end":{"line":10,"column":null}},"loc":{"start":{"line":12,"column":35},"end":{"line":41,"column":null}},"line":12},"1":{"name":"(anonymous_1)","decl":{"start":{"line":43,"column":30},"end":{"line":43,"column":37}},"loc":{"start":{"line":43,"column":70},"end":{"line":55,"column":null}},"line":43},"2":{"name":"(anonymous_2)","decl":{"start":{"line":57,"column":29},"end":{"line":57,"column":null}},"loc":{"start":{"line":59,"column":23},"end":{"line":73,"column":null}},"line":59},"3":{"name":"(anonymous_3)","decl":{"start":{"line":75,"column":29},"end":{"line":75,"column":null}},"loc":{"start":{"line":78,"column":23},"end":{"line":96,"column":null}},"line":78},"4":{"name":"(anonymous_4)","decl":{"start":{"line":98,"column":29},"end":{"line":98,"column":36}},"loc":{"start":{"line":98,"column":66},"end":{"line":110,"column":null}},"line":98}},"branchMap":{"0":{"loc":{"start":{"line":18,"column":4},"end":{"line":20,"column":null}},"type":"if","locations":[{"start":{"line":18,"column":4},"end":{"line":20,"column":null}},{"start":{},"end":{}}],"line":18},"1":{"loc":{"start":{"line":22,"column":4},"end":{"line":24,"column":null}},"type":"if","locations":[{"start":{"line":22,"column":4},"end":{"line":24,"column":null}},{"start":{},"end":{}}],"line":22},"2":{"loc":{"start":{"line":30,"column":4},"end":{"line":32,"column":null}},"type":"if","locations":[{"start":{"line":30,"column":4},"end":{"line":32,"column":null}},{"start":{},"end":{}}],"line":30},"3":{"loc":{"start":{"line":35,"column":25},"end":{"line":35,"column":67}},"type":"binary-expr","locations":[{"start":{"line":35,"column":25},"end":{"line":35,"column":66}},{"start":{"line":35,"column":66},"end":{"line":35,"column":67}}],"line":35},"4":{"loc":{"start":{"line":46,"column":4},"end":{"line":52,"column":null}},"type":"if","locations":[{"start":{"line":46,"column":4},"end":{"line":52,"column":null}},{"start":{},"end":{}}],"line":46},"5":{"loc":{"start":{"line":47,"column":8},"end":{"line":49,"column":null}},"type":"if","locations":[{"start":{"line":47,"column":8},"end":{"line":49,"column":null}},{"start":{},"end":{}}],"line":47},"6":{"loc":{"start":{"line":68,"column":4},"end":{"line":70,"column":null}},"type":"if","locations":[{"start":{"line":68,"column":4},"end":{"line":70,"column":null}},{"start":{},"end":{}}],"line":68},"7":{"loc":{"start":{"line":87,"column":4},"end":{"line":93,"column":null}},"type":"if","locations":[{"start":{"line":87,"column":4},"end":{"line":93,"column":null}},{"start":{},"end":{}}],"line":87},"8":{"loc":{"start":{"line":88,"column":8},"end":{"line":90,"column":null}},"type":"if","locations":[{"start":{"line":88,"column":8},"end":{"line":90,"column":null}},{"start":{},"end":{}}],"line":88},"9":{"loc":{"start":{"line":103,"column":4},"end":{"line":109,"column":null}},"type":"if","locations":[{"start":{"line":103,"column":4},"end":{"line":109,"column":null}},{"start":{},"end":{}}],"line":103},"10":{"loc":{"start":{"line":104,"column":8},"end":{"line":106,"column":null}},"type":"if","locations":[{"start":{"line":104,"column":8},"end":{"line":106,"column":null}},{"start":{},"end":{}}],"line":104}},"s":{"0":1,"1":1,"2":1,"3":1,"4":1,"5":1,"6":1,"7":1,"8":1,"9":0,"10":1,"11":1,"12":1,"13":1,"14":2,"15":2,"16":1,"17":1,"18":0,"19":1,"20":1,"21":1,"22":1,"23":0,"24":1,"25":1,"26":1,"27":1,"28":0,"29":0,"30":0,"31":1,"32":1,"33":1,"34":1,"35":0,"36":0,"37":0},"f":{"0":1,"1":2,"2":1,"3":1,"4":1},"b":{"0":[1,0],"1":[1,0],"2":[0,1],"3":[1,0],"4":[1,1],"5":[1,0],"6":[0,1],"7":[0,1],"8":[0,0],"9":[0,1],"10":[0,0]},"meta":{"lastBranch":11,"lastFunction":5,"lastStatement":38,"seen":{"s:8:16:8:Infinity":0,"s:10:27:41:Infinity":1,"f:10:27:10:Infinity":0,"s:13:25:16:Infinity":2,"b:18:4:20:Infinity:undefined:undefined:undefined:undefined":0,"s:18:4:20:Infinity":3,"s:19:8:19:Infinity":4,"b:22:4:24:Infinity:undefined:undefined:undefined:undefined":1,"s:22:4:24:Infinity":5,"s:23:8:23:Infinity":6,"s:26:21:28:Infinity":7,"b:30:4:32:Infinity:undefined:undefined:undefined:undefined":2,"s:30:4:32:Infinity":8,"s:31:8:31:Infinity":9,"s:34:32:34:Infinity":10,"s:35:18:35:Infinity":11,"b:35:25:35:66:35:66:35:67":3,"s:37:4:40:Infinity":12,"s:43:30:55:Infinity":13,"f:43:30:43:37":1,"s:44:21:44:Infinity":14,"b:46:4:52:Infinity:undefined:undefined:undefined:undefined":4,"s:46:4:52:Infinity":15,"b:47:8:49:Infinity:undefined:undefined:undefined:undefined":5,"s:47:8:49:Infinity":16,"s:48:12:48:Infinity":17,"s:51:8:51:Infinity":18,"s:54:4:54:Infinity":19,"s:57:29:73:Infinity":20,"f:57:29:57:Infinity":2,"s:60:21:66:Infinity":21,"b:68:4:70:Infinity:undefined:undefined:undefined:undefined":6,"s:68:4:70:Infinity":22,"s:69:8:69:Infinity":23,"s:72:4:72:Infinity":24,"s:75:29:96:Infinity":25,"f:75:29:75:Infinity":3,"s:79:21:85:Infinity":26,"b:87:4:93:Infinity:undefined:undefined:undefined:undefined":7,"s:87:4:93:Infinity":27,"b:88:8:90:Infinity:undefined:undefined:undefined:undefined":8,"s:88:8:90:Infinity":28,"s:89:12:89:Infinity":29,"s:92:8:92:Infinity":30,"s:95:4:95:Infinity":31,"s:98:29:110:Infinity":32,"f:98:29:98:36":4,"s:99:21:101:Infinity":33,"b:103:4:109:Infinity:undefined:undefined:undefined:undefined":9,"s:103:4:109:Infinity":34,"b:104:8:106:Infinity:undefined:undefined:undefined:undefined":10,"s:104:8:106:Infinity":35,"s:105:12:105:Infinity":36,"s:108:8:108:Infinity":37},"fnNames":{}}}
}
